{
  "RSpec": {
    "coverage": {
      "/media/sf_Projects/scheduler/app/helpers/application_helper.rb": [
        1,
        null
      ],
      "/media/sf_Projects/scheduler/app/helpers/conferences_helper.rb": [
        1,
        null
      ],
      "/media/sf_Projects/scheduler/app/helpers/flags_helper.rb": [
        1,
        null
      ],
      "/media/sf_Projects/scheduler/app/helpers/people_helper.rb": [
        1,
        null
      ],
      "/media/sf_Projects/scheduler/app/helpers/programs_helper.rb": [
        1,
        null
      ],
      "/media/sf_Projects/scheduler/app/helpers/tracks_helper.rb": [
        1,
        null
      ],
      "/media/sf_Projects/scheduler/app/controllers/conferences_controller.rb": [
        1,
        1,
        null,
        null,
        null,
        1,
        3,
        null,
        null,
        null,
        null,
        1,
        null,
        null,
        null,
        1,
        1,
        null,
        null,
        null,
        1,
        null,
        null,
        null,
        null,
        1,
        0,
        null,
        0,
        0,
        0,
        0,
        null,
        0,
        0,
        null,
        null,
        null,
        null,
        null,
        null,
        1,
        0,
        0,
        0,
        0,
        null,
        0,
        0,
        null,
        null,
        null,
        null,
        null,
        null,
        1,
        0,
        0,
        0,
        0,
        null,
        null,
        null,
        1,
        null,
        1,
        0,
        null,
        null,
        null,
        1,
        0,
        null,
        null
      ],
      "/media/sf_Projects/scheduler/app/controllers/application_controller.rb": [
        1,
        null,
        null,
        1,
        null
      ],
      "/media/sf_Projects/scheduler/app/controllers/flags_controller.rb": [
        1,
        1,
        null,
        null,
        null,
        1,
        1,
        null,
        null,
        null,
        null,
        1,
        null,
        null,
        null,
        1,
        1,
        null,
        null,
        null,
        1,
        null,
        null,
        null,
        null,
        1,
        0,
        null,
        0,
        0,
        0,
        0,
        null,
        0,
        0,
        null,
        null,
        null,
        null,
        null,
        null,
        1,
        0,
        0,
        0,
        0,
        null,
        0,
        0,
        null,
        null,
        null,
        null,
        null,
        null,
        1,
        0,
        0,
        0,
        0,
        null,
        null,
        null,
        1,
        null,
        1,
        0,
        null,
        null,
        null,
        1,
        0,
        null,
        null
      ],
      "/media/sf_Projects/scheduler/app/controllers/people_controller.rb": [
        1,
        1,
        null,
        null,
        null,
        1,
        1,
        null,
        null,
        null,
        null,
        1,
        null,
        null,
        null,
        1,
        1,
        null,
        null,
        null,
        1,
        null,
        null,
        null,
        null,
        1,
        0,
        null,
        0,
        0,
        0,
        0,
        null,
        0,
        0,
        null,
        null,
        null,
        null,
        null,
        null,
        1,
        0,
        0,
        0,
        0,
        null,
        0,
        0,
        null,
        null,
        null,
        null,
        null,
        null,
        1,
        0,
        0,
        0,
        0,
        null,
        null,
        null,
        1,
        null,
        1,
        0,
        null,
        null,
        null,
        1,
        0,
        null,
        null
      ],
      "/media/sf_Projects/scheduler/app/controllers/programs_controller.rb": [
        1,
        1,
        null,
        null,
        null,
        1,
        1,
        null,
        null,
        null,
        null,
        1,
        null,
        null,
        null,
        1,
        1,
        null,
        null,
        null,
        1,
        null,
        null,
        null,
        null,
        1,
        0,
        null,
        0,
        0,
        0,
        0,
        null,
        0,
        0,
        null,
        null,
        null,
        null,
        null,
        null,
        1,
        0,
        0,
        0,
        0,
        null,
        0,
        0,
        null,
        null,
        null,
        null,
        null,
        null,
        1,
        0,
        0,
        0,
        0,
        null,
        null,
        null,
        1,
        null,
        1,
        0,
        null,
        null,
        null,
        1,
        0,
        null,
        null,
        null,
        null
      ],
      "/media/sf_Projects/scheduler/app/controllers/tracks_controller.rb": [
        1,
        1,
        null,
        null,
        null,
        1,
        1,
        null,
        null,
        null,
        null,
        1,
        null,
        null,
        null,
        1,
        1,
        null,
        null,
        null,
        1,
        null,
        null,
        null,
        null,
        1,
        0,
        null,
        0,
        0,
        0,
        0,
        null,
        0,
        0,
        null,
        null,
        null,
        null,
        null,
        null,
        1,
        0,
        0,
        0,
        0,
        null,
        0,
        0,
        null,
        null,
        null,
        null,
        null,
        null,
        1,
        0,
        0,
        0,
        0,
        null,
        null,
        null,
        1,
        null,
        1,
        0,
        null,
        null,
        null,
        1,
        0,
        null,
        null
      ],
      "/media/sf_Projects/scheduler/app/models/conference.rb": [
        1,
        null
      ],
      "/media/sf_Projects/scheduler/app/models/flag.rb": [
        1,
        null
      ],
      "/media/sf_Projects/scheduler/app/models/person.rb": [
        1,
        null
      ],
      "/media/sf_Projects/scheduler/app/models/program.rb": [
        1,
        1,
        1,
        1,
        1,
        null
      ],
      "/media/sf_Projects/scheduler/app/models/track.rb": [
        1,
        1,
        null
      ]
    },
    "timestamp": 1451857898
  }
}
